<?xml version="1.0" encoding="UTF-8"?>
<!-- Generated by org.testng.reporters.JUnitReportReporter -->
<testsuite hostname="DESKTOP-304IM2H" failures="0" tests="3" name="Requestbody.OneHashMap" time="6.428" errors="0" timestamp="2025-02-16T17:46:57 IST" skipped="0">
  <testcase classname="Requestbody.OneHashMap" name="PostBodyHashmapRequest" time="4.847"/>
  <system-out/>
  <testcase classname="Requestbody.OneHashMap" name="Deletehttp" time="0.745"/>
  <system-out/>
  <testcase classname="Requestbody.OneHashMap" name="PostBodyORGjson" time="0.836"/>
  <system-out/>
</testsuite> <!-- Requestbody.OneHashMap -->
