<?xml version="1.0" encoding="UTF-8"?>
<!-- Generated by org.testng.reporters.JUnitReportReporter -->
<testsuite hostname="DESKTOP-304IM2H" failures="3" tests="4" name="day1.HTTPrequest" time="6.885" errors="1" timestamp="2026-01-19T20:25:13 IST" skipped="0">
  <testcase classname="day1.HTTPrequest" name="getUser" time="2.245">
    <failure message="1 expectation failed.
XML path page doesn&#039;t match.
Expected: &lt;2&gt;
  Actual: &lt;Just a moment...nullnullnullnull*{box-sizing:border-box;margin:0;padding:0}html{line-height:1.15;-webkit-text-size-adjust:100%;color:#313131;font-family:system-ui,-apple-system,BlinkMacSystemFont,&quot;Segoe UI&quot;,Roboto,&quot;Helvetica Neue&quot;,Arial,&quot;Noto Sans&quot;,sans-serif,&quot;Apple Color Emoji&quot;,&quot;Segoe UI Emoji&quot;,&quot;Segoe UI Symbol&quot;,&quot;Noto Color Emoji&quot;}body{display:flex;flex-direction:column;height:100vh;min-height:100vh}.main-content{margin:8rem auto;padding-left:1.5rem;max-width:60rem}@media (width &lt;= 720px){.main-content{margin-top:4rem}}.h2{line-height:2.25rem;font-size:1.5rem;font-weight:500}@media (width &lt;= 720px){.h2{line-height:1.5rem;font-size:1.25rem}}#challenge-error-text{background-image:url(&quot;data:image/svg+xml;base64,PHN2ZyB4bWxucz0iaHR0cDovL3d3dy53My5vcmcvMjAwMC9zdmciIHdpZHRoPSIzMiIgaGVpZ2h0PSIzMiIgZmlsbD0ibm9uZSI+PHBhdGggZmlsbD0iI0IyMEYwMyIgZD0iTTE2IDNhMTMgMTMgMCAxIDAgMTMgMTNBMTMuMDE1IDEzLjAxNSAwIDAgMCAxNiAzbTAgMjRhMTEgMTEgMCAxIDEgMTEtMTEgMTEuMDEgMTEuMDEgMCAwIDEtMTEgMTEiLz48cGF0aCBmaWxsPSIjQjIwRjAzIiBkPSJNMTcuMDM4IDE4LjYxNUgxNC44N0wxNC41NjMgOS41aDIuNzgzem0tMS4wODQgMS40MjdxLjY2IDAgMS4wNTcuMzg4LjQwNy4zODkuNDA3Ljk5NCAwIC41OTYtLjQwNy45ODQtLjM5Ny4zOS0xLjA1Ny4zODktLjY1IDAtMS4wNTYtLjM4OS0uMzk4LS4zODktLjM5OC0uOTg0IDAtLjU5Ny4zOTgtLjk4NS40MDYtLjM5NyAxLjA1Ni0uMzk3Ii8+PC9zdmc+&quot;);background-repeat:no-repeat;background-size:contain;padding-left:34px}@media (prefers-color-scheme: dark){body{background-color:#222;color:#d9d9d9}}nullEnable JavaScript and cookies to continue(function(){window._cf_chl_opt = {cvId: &#039;3&#039;,cZone: &#039;reqres.in&#039;,cType: &#039;managed&#039;,cRay: &#039;9c072bfdcf8eff7a&#039;,cH: &#039;LHrsdS.S2usKOfOIYmCQ9_.Ue4x4SSofQU.oiERoDmM-1768834513-1.2.1.1-Z9e1e7_auttc.TKcIdMvKmmvWALctXQECiLZkqOmVqmB09chet.IN.0OzH8Su8Z0&#039;,cUPMDTk:&quot;\/api\/users?page=2&amp;__cf_chl_tk=wP4mnFcbfcj3q4OM3l2uXI_o5LL_Pf8AtDMjCnwBvvU-1768834513-1.0.1.1-dM4mLVUUsgELNOXsrvhnkFRPsaqx64zcoD1UCalCbAE&quot;,cFPWv: &#039;b&#039;,cITimeS: &#039;1768834513&#039;,cTplC:0,cTplV:5,cTplB: &#039;0&#039;,fa:&quot;\/api\/users?page=2&amp;__cf_chl_f_tk=wP4mnFcbfcj3q4OM3l2uXI_o5LL_Pf8AtDMjCnwBvvU-1768834513-1.0.1.1-dM4mLVUUsgELNOXsrvhnkFRPsaqx64zcoD1UCalCbAE&quot;,md: &#039;L_YGEX5zok12kRYJZR8D1KtCNB019dRTwrjPtLRZ5tY-1768834513-1.2.1.1-gz52Ei31L4r_r_uFrWaDdgJjqJ7XdI2DhW5plQFNOVDcO4Ca.c5rOFgCwMUo..Hvsjpe.RCkwNnRTKn6kIRMaCLnvfprPgmt6VMGXSq9zpy6L88ec_pmHVevcbyaKgVcK4Vb6KMjhugkm.yeLvdjl2AsAXqT7UHpBoSiHaaK0vjmJsErbX_13U8PBP12a2FQZYLVNH7VnqDEWPFj59H16KlH16cbpauvJyw_3iStKt927rfJ539YZbMSJGIqBdOZsXYgksLEKKjElJcnl35OzNTCGxz_ACa7k5i7yvPY.q6n8uLxtuG9OTrRyugWHdUl4HJiFDTyrmFOwFlN0UsMuSuymDByORUkZSnOe1yGS0OJGFeJ4NbC5ilgNCRYp0qQIN0GcPmLQxpye298zTVc5fjq8QctuOsy0nnG9O3aiLMiS8tNQ92IRJ.Iu9jFOxFbPcmWaSuV_rMJz9BCsVW9W1rmoYRgzKsktTAsWml62638RGkOCtretlPftwBCy5XgaoNcKfPce6D9ykoWbykNeCL4DNLJMVZ0dX1LeEeNhR7WuPxeiHK1qowYMSvLzDhNj0DBHiJqtWsQ9vDhKl8CZu6tlROQ157tvPfBM4P3ifdSmjOZd8PrmObGJK05qb5yqxF2KP1vIULpFpXVsqO572GkSPn1VyAVgMx0BIzZ43bBLOPsZDh0sauqVCfNjeJLnHZ4WFUG28yWTvOmUtXRbCr4Sj_gqOHhfXZg9SMb6FjrjjEw.Q8W.qq5NOrRnkGReuKWNtinjku8V.iOyM5vsusJTmxWQ87_NFcBdXVMO.rEgbY.gsSnO1YVL2yXJlYZKPahwuZsQWPZrK.wEvTYuzDk8Em4z6eqy_lP_wQ8F4oZX_AkFVPodg2h4us84XDxvxdy4S4ronCu12XVaggNKU3jsdErsP7pCMFkZ_Fpxq76VwzlBQmLacOHN6aoTB7e&#039;,mdrd: &#039;F7kL6jZDgdE4ObCCxyIUdiBHoDjMd38A230hhL6KMlU-1768834513-1.2.1.1-SzfkjrmHBLA1cSB9h69GmEaMf1ibqrXdfNcqLBwGe3XwZEN.WM_sM5wn8xMZii4RZFju2Y910wrHL6ZSWP1b0Hivt69vEBPPAFgS2hUJMbohVDNdrSU0yJduYvMQH1579RyQlSt9CfeBWlKnm3x5g9mjvgEna3z1u2tAjdo5C_CCZXSplfu9bp19Lj1CRDQJZdjVOpDa7s6rq9.4lSp0O3x1aFVnBSPANuzjq7JiiQaIBsD1wZEv3lzGN7AOaMDAWFrPUkyvkp9arlmtJycE8CLArJYQyJuD4LS4sjkc3lPW3RQNxf9kUflI5vsoghWJeDkC9u54d4erDbMNQOd20nY3jhzR0e3ifuWbpidkwF_7icZ0LDJLNHornuWAaZzC4llPPkEDSZIETSym7rRpps2QNvnrl_w5o3cHWgeAln.jQzeg93BAbnOm8DOFaxSHH8hSlicmzNIm_RNSRAnSRaTIFWcXYbYe_gBYS0BGB7ZZ_XY6CjxcQSwjjGH33Xq0OuNvdqSYZxYzaS5vyTOygSgJw33hqYdJBFEXktnUGFBx6LUavYgZ0v4JyDYex7r0DDNk346SSK9nNJn9NRmBNJMWdiUdHlTRZb3xMJPaz2_aVPNF1cn1mgqYRg9SK8VJIB8zoIBWpg0CnF7biwzYJazqXBtAQjlFq3BdTGfEO5o_HO3pT1K6N4tjhrSYyh92JS6Di0Qcv9mn7P_VUPGc3nYmKplkQm_k7ZgOn5eA20I2xvRL6OD4t9jyo7rO_SlLKAbO99C910IB77bZMKffOjSqBAbh7V2EnRpMNbxXUT_UWu9TJBw1y.dEcxcomU3XhaodSfc2WHM0qe.AwMVOcuiycdNCtyFqrA6rSgA_InC45YFToQHZeVXhKJAQWKLTWgL.xpZBJOnkjFzSCVW75VY1YobNSYyM_0kBdxC4unhZT3eK9QKcJ0YkIeyx0wwGmHKGGysJXiJQVWexdM7LiqCunm1H0wgzxHXTurPPvdOACgQsr9_AcxbmNHrwG8eBa_uO02xQq0fK84.8SQnpn.1IknKXkap6.bn4a8bqdkKuqwIk.oFvXhmVkL3gZfbscS4WvgfOHbZSCmsXra9tOkiX6S9RJ50A3VF8n9GGKnJjM..4tE1ehQa3D3iC.bscoeMIRvqEciskLiXGdBaXGtqMgT_Mk8OOawMw5VkRl5ABebyGXb3s8WrnAmvWt8jM2JuaCEX0j.ThKBl0bHe_iWGwm_UDfP92O1JFpgiiB3FbymuZCp5Ic7wr1yREJ1L2RzU.s_l5iMQltJtHKCuEK5essWwVkzNsw.oexue6K5HA5y5jQmZneKLEJP38Vv1YLaEPSwPZfPsjvZdfMRGGhm_yfeX57gRvDEC.7UKQi2ncQNz16.ibRdNZam0PbqYAHnpIW2ansipZqjNQ_XI9NZluuYb.CUO3o6WFEbnNRGk2XkLw.yKtzE_4sszmBtEBy.ZZuGTlNsi2Hdwsv_2zIJq_tX35TjFEt3aT0Ly_p1jb6zfIJNxJd7kbD4J2SWfZjatzaCc.UbRoNc6qB6Z.QnykByciVkpPAIZ0HlQk63248uf_ELVieB7AJMqwImx5EaB_0ow.LIXhec4bt2HMuOEoi4oYUpU6p2H5Blkd20O4vG5wZxGoVNtG_KA4m4KTD6XYtXrY3e7y3MY7TXWkSSOqwmLTs3f0vY4Q9gwUpihc1k.EQjRUZZi71IvxjJFOtfaFiIlVXmUHNUk3loITg_AneidHbYsVufwsc6wXQDCo0zwo.lYsVSxiEolVB.bydxWCXgTTZjEVh7tKtZ6D8h4vzUG7RQmQf_ncMsxFzQ4coa.uYPhcqD9y0Hv63EAE8NNSovuzVcjUK_HCM4lLbAyhZctsd85rGU3DWCBaOfU2XAQZP1YAilzbXcaNlkQ4ntcJg52yO68WW_Em_XmJTvCejoqqjeAsHZDCLHVPz3Wek88S52Gse2RMdkB5gJYeawQq_qSjwmdNfRe.Ek8lLEki0wRi6p4E9VJgceBFtuECGERDK7BPs8XHs8NPyPvab9HJqSoZuDY.3Rv.FZuy3WJF9YDT2frTxVYmPB3w04n0.5xQTPLSy3ItvogtnA71LLrEcCUs7k3UNQj9ZQecjHv1saBbrbz9HQD3ebNPqb1GeK2t.BwEjOfDvMJ1Ap0.3ON.GD_ilQHyCiht07bxhEAoe4bSH__VNPl8X8d6JDJrRVYTAK7DBsn_QYlpQ49J2UkD6emEaoBU4J..9bROZ4IBgefimwc3UEpUqKaf2u2vWkJceGM8eB1WRKs5lyAaKtqEEKwS1V6vu4ZaKbBuQQkuXbsdYqrSb3s7b3_GZ0OrY4kMwOYNq7lnKuAj6882KRcRDLOoeBiGmQ.hAhZiYujsrGkfsVYnXEvW_PvoUfBqyCIPCc_3YiiSKfX65quBIR5H2yrb4MIKyehJU7IdJzQzBMxdf4931Zy2KySwx4zdJWnlIA.9j.Jx6Iyd_3FP5I7NbY_nWSe_T3ywFqfYeQ&#039;,};var a = document.createElement(&#039;script&#039;);a.src = &#039;/cdn-cgi/challenge-platform/h/b/orchestrate/chl_page/v1?ray=9c072bfdcf8eff7a&#039;;window._cf_chl_opt.cOgUHash = location.hash === &#039;&#039; &amp;&amp; location.href.indexOf(&#039;#&#039;) !== -1 ? &#039;#&#039; : location.hash;window._cf_chl_opt.cOgUQuery = location.search === &#039;&#039; &amp;&amp; location.href.slice(0, location.href.length - window._cf_chl_opt.cOgUHash.length).indexOf(&#039;?&#039;) !== -1 ? &#039;?&#039; : location.search;if (window.history &amp;&amp; window.history.replaceState) {var ogU = location.pathname + window._cf_chl_opt.cOgUQuery + window._cf_chl_opt.cOgUHash;history.replaceState(null, null,&quot;\/api\/users?page=2&amp;__cf_chl_rt_tk=wP4mnFcbfcj3q4OM3l2uXI_o5LL_Pf8AtDMjCnwBvvU-1768834513-1.0.1.1-dM4mLVUUsgELNOXsrvhnkFRPsaqx64zcoD1UCalCbAE&quot;+ window._cf_chl_opt.cOgUHash);a.onload = function() {history.replaceState(null, null, ogU);}}document.getElementsByTagName(&#039;head&#039;)[0].appendChild(a);}());&gt;
" type="java.lang.AssertionError">
      <![CDATA[java.lang.AssertionError: 1 expectation failed.
XML path page doesn't match.
Expected: <2>
  Actual: <Just a moment...nullnullnullnull*{box-sizing:border-box;margin:0;padding:0}html{line-height:1.15;-webkit-text-size-adjust:100%;color:#313131;font-family:system-ui,-apple-system,BlinkMacSystemFont,"Segoe UI",Roboto,"Helvetica Neue",Arial,"Noto Sans",sans-serif,"Apple Color Emoji","Segoe UI Emoji","Segoe UI Symbol","Noto Color Emoji"}body{display:flex;flex-direction:column;height:100vh;min-height:100vh}.main-content{margin:8rem auto;padding-left:1.5rem;max-width:60rem}@media (width <= 720px){.main-content{margin-top:4rem}}.h2{line-height:2.25rem;font-size:1.5rem;font-weight:500}@media (width <= 720px){.h2{line-height:1.5rem;font-size:1.25rem}}#challenge-error-text{background-image:url("data:image/svg+xml;base64,PHN2ZyB4bWxucz0iaHR0cDovL3d3dy53My5vcmcvMjAwMC9zdmciIHdpZHRoPSIzMiIgaGVpZ2h0PSIzMiIgZmlsbD0ibm9uZSI+PHBhdGggZmlsbD0iI0IyMEYwMyIgZD0iTTE2IDNhMTMgMTMgMCAxIDAgMTMgMTNBMTMuMDE1IDEzLjAxNSAwIDAgMCAxNiAzbTAgMjRhMTEgMTEgMCAxIDEgMTEtMTEgMTEuMDEgMTEuMDEgMCAwIDEtMTEgMTEiLz48cGF0aCBmaWxsPSIjQjIwRjAzIiBkPSJNMTcuMDM4IDE4LjYxNUgxNC44N0wxNC41NjMgOS41aDIuNzgzem0tMS4wODQgMS40MjdxLjY2IDAgMS4wNTcuMzg4LjQwNy4zODkuNDA3Ljk5NCAwIC41OTYtLjQwNy45ODQtLjM5Ny4zOS0xLjA1Ny4zODktLjY1IDAtMS4wNTYtLjM4OS0uMzk4LS4zODktLjM5OC0uOTg0IDAtLjU5Ny4zOTgtLjk4NS40MDYtLjM5NyAxLjA1Ni0uMzk3Ii8+PC9zdmc+");background-repeat:no-repeat;background-size:contain;padding-left:34px}@media (prefers-color-scheme: dark){body{background-color:#222;color:#d9d9d9}}nullEnable JavaScript and cookies to continue(function(){window._cf_chl_opt = {cvId: '3',cZone: 'reqres.in',cType: 'managed',cRay: '9c072bfdcf8eff7a',cH: 'LHrsdS.S2usKOfOIYmCQ9_.Ue4x4SSofQU.oiERoDmM-1768834513-1.2.1.1-Z9e1e7_auttc.TKcIdMvKmmvWALctXQECiLZkqOmVqmB09chet.IN.0OzH8Su8Z0',cUPMDTk:"\/api\/users?page=2&__cf_chl_tk=wP4mnFcbfcj3q4OM3l2uXI_o5LL_Pf8AtDMjCnwBvvU-1768834513-1.0.1.1-dM4mLVUUsgELNOXsrvhnkFRPsaqx64zcoD1UCalCbAE",cFPWv: 'b',cITimeS: '1768834513',cTplC:0,cTplV:5,cTplB: '0',fa:"\/api\/users?page=2&__cf_chl_f_tk=wP4mnFcbfcj3q4OM3l2uXI_o5LL_Pf8AtDMjCnwBvvU-1768834513-1.0.1.1-dM4mLVUUsgELNOXsrvhnkFRPsaqx64zcoD1UCalCbAE",md: 'L_YGEX5zok12kRYJZR8D1KtCNB019dRTwrjPtLRZ5tY-1768834513-1.2.1.1-gz52Ei31L4r_r_uFrWaDdgJjqJ7XdI2DhW5plQFNOVDcO4Ca.c5rOFgCwMUo..Hvsjpe.RCkwNnRTKn6kIRMaCLnvfprPgmt6VMGXSq9zpy6L88ec_pmHVevcbyaKgVcK4Vb6KMjhugkm.yeLvdjl2AsAXqT7UHpBoSiHaaK0vjmJsErbX_13U8PBP12a2FQZYLVNH7VnqDEWPFj59H16KlH16cbpauvJyw_3iStKt927rfJ539YZbMSJGIqBdOZsXYgksLEKKjElJcnl35OzNTCGxz_ACa7k5i7yvPY.q6n8uLxtuG9OTrRyugWHdUl4HJiFDTyrmFOwFlN0UsMuSuymDByORUkZSnOe1yGS0OJGFeJ4NbC5ilgNCRYp0qQIN0GcPmLQxpye298zTVc5fjq8QctuOsy0nnG9O3aiLMiS8tNQ92IRJ.Iu9jFOxFbPcmWaSuV_rMJz9BCsVW9W1rmoYRgzKsktTAsWml62638RGkOCtretlPftwBCy5XgaoNcKfPce6D9ykoWbykNeCL4DNLJMVZ0dX1LeEeNhR7WuPxeiHK1qowYMSvLzDhNj0DBHiJqtWsQ9vDhKl8CZu6tlROQ157tvPfBM4P3ifdSmjOZd8PrmObGJK05qb5yqxF2KP1vIULpFpXVsqO572GkSPn1VyAVgMx0BIzZ43bBLOPsZDh0sauqVCfNjeJLnHZ4WFUG28yWTvOmUtXRbCr4Sj_gqOHhfXZg9SMb6FjrjjEw.Q8W.qq5NOrRnkGReuKWNtinjku8V.iOyM5vsusJTmxWQ87_NFcBdXVMO.rEgbY.gsSnO1YVL2yXJlYZKPahwuZsQWPZrK.wEvTYuzDk8Em4z6eqy_lP_wQ8F4oZX_AkFVPodg2h4us84XDxvxdy4S4ronCu12XVaggNKU3jsdErsP7pCMFkZ_Fpxq76VwzlBQmLacOHN6aoTB7e',mdrd: 'F7kL6jZDgdE4ObCCxyIUdiBHoDjMd38A230hhL6KMlU-1768834513-1.2.1.1-SzfkjrmHBLA1cSB9h69GmEaMf1ibqrXdfNcqLBwGe3XwZEN.WM_sM5wn8xMZii4RZFju2Y910wrHL6ZSWP1b0Hivt69vEBPPAFgS2hUJMbohVDNdrSU0yJduYvMQH1579RyQlSt9CfeBWlKnm3x5g9mjvgEna3z1u2tAjdo5C_CCZXSplfu9bp19Lj1CRDQJZdjVOpDa7s6rq9.4lSp0O3x1aFVnBSPANuzjq7JiiQaIBsD1wZEv3lzGN7AOaMDAWFrPUkyvkp9arlmtJycE8CLArJYQyJuD4LS4sjkc3lPW3RQNxf9kUflI5vsoghWJeDkC9u54d4erDbMNQOd20nY3jhzR0e3ifuWbpidkwF_7icZ0LDJLNHornuWAaZzC4llPPkEDSZIETSym7rRpps2QNvnrl_w5o3cHWgeAln.jQzeg93BAbnOm8DOFaxSHH8hSlicmzNIm_RNSRAnSRaTIFWcXYbYe_gBYS0BGB7ZZ_XY6CjxcQSwjjGH33Xq0OuNvdqSYZxYzaS5vyTOygSgJw33hqYdJBFEXktnUGFBx6LUavYgZ0v4JyDYex7r0DDNk346SSK9nNJn9NRmBNJMWdiUdHlTRZb3xMJPaz2_aVPNF1cn1mgqYRg9SK8VJIB8zoIBWpg0CnF7biwzYJazqXBtAQjlFq3BdTGfEO5o_HO3pT1K6N4tjhrSYyh92JS6Di0Qcv9mn7P_VUPGc3nYmKplkQm_k7ZgOn5eA20I2xvRL6OD4t9jyo7rO_SlLKAbO99C910IB77bZMKffOjSqBAbh7V2EnRpMNbxXUT_UWu9TJBw1y.dEcxcomU3XhaodSfc2WHM0qe.AwMVOcuiycdNCtyFqrA6rSgA_InC45YFToQHZeVXhKJAQWKLTWgL.xpZBJOnkjFzSCVW75VY1YobNSYyM_0kBdxC4unhZT3eK9QKcJ0YkIeyx0wwGmHKGGysJXiJQVWexdM7LiqCunm1H0wgzxHXTurPPvdOACgQsr9_AcxbmNHrwG8eBa_uO02xQq0fK84.8SQnpn.1IknKXkap6.bn4a8bqdkKuqwIk.oFvXhmVkL3gZfbscS4WvgfOHbZSCmsXra9tOkiX6S9RJ50A3VF8n9GGKnJjM..4tE1ehQa3D3iC.bscoeMIRvqEciskLiXGdBaXGtqMgT_Mk8OOawMw5VkRl5ABebyGXb3s8WrnAmvWt8jM2JuaCEX0j.ThKBl0bHe_iWGwm_UDfP92O1JFpgiiB3FbymuZCp5Ic7wr1yREJ1L2RzU.s_l5iMQltJtHKCuEK5essWwVkzNsw.oexue6K5HA5y5jQmZneKLEJP38Vv1YLaEPSwPZfPsjvZdfMRGGhm_yfeX57gRvDEC.7UKQi2ncQNz16.ibRdNZam0PbqYAHnpIW2ansipZqjNQ_XI9NZluuYb.CUO3o6WFEbnNRGk2XkLw.yKtzE_4sszmBtEBy.ZZuGTlNsi2Hdwsv_2zIJq_tX35TjFEt3aT0Ly_p1jb6zfIJNxJd7kbD4J2SWfZjatzaCc.UbRoNc6qB6Z.QnykByciVkpPAIZ0HlQk63248uf_ELVieB7AJMqwImx5EaB_0ow.LIXhec4bt2HMuOEoi4oYUpU6p2H5Blkd20O4vG5wZxGoVNtG_KA4m4KTD6XYtXrY3e7y3MY7TXWkSSOqwmLTs3f0vY4Q9gwUpihc1k.EQjRUZZi71IvxjJFOtfaFiIlVXmUHNUk3loITg_AneidHbYsVufwsc6wXQDCo0zwo.lYsVSxiEolVB.bydxWCXgTTZjEVh7tKtZ6D8h4vzUG7RQmQf_ncMsxFzQ4coa.uYPhcqD9y0Hv63EAE8NNSovuzVcjUK_HCM4lLbAyhZctsd85rGU3DWCBaOfU2XAQZP1YAilzbXcaNlkQ4ntcJg52yO68WW_Em_XmJTvCejoqqjeAsHZDCLHVPz3Wek88S52Gse2RMdkB5gJYeawQq_qSjwmdNfRe.Ek8lLEki0wRi6p4E9VJgceBFtuECGERDK7BPs8XHs8NPyPvab9HJqSoZuDY.3Rv.FZuy3WJF9YDT2frTxVYmPB3w04n0.5xQTPLSy3ItvogtnA71LLrEcCUs7k3UNQj9ZQecjHv1saBbrbz9HQD3ebNPqb1GeK2t.BwEjOfDvMJ1Ap0.3ON.GD_ilQHyCiht07bxhEAoe4bSH__VNPl8X8d6JDJrRVYTAK7DBsn_QYlpQ49J2UkD6emEaoBU4J..9bROZ4IBgefimwc3UEpUqKaf2u2vWkJceGM8eB1WRKs5lyAaKtqEEKwS1V6vu4ZaKbBuQQkuXbsdYqrSb3s7b3_GZ0OrY4kMwOYNq7lnKuAj6882KRcRDLOoeBiGmQ.hAhZiYujsrGkfsVYnXEvW_PvoUfBqyCIPCc_3YiiSKfX65quBIR5H2yrb4MIKyehJU7IdJzQzBMxdf4931Zy2KySwx4zdJWnlIA.9j.Jx6Iyd_3FP5I7NbY_nWSe_T3ywFqfYeQ',};var a = document.createElement('script');a.src = '/cdn-cgi/challenge-platform/h/b/orchestrate/chl_page/v1?ray=9c072bfdcf8eff7a';window._cf_chl_opt.cOgUHash = location.hash === '' && location.href.indexOf('#') !== -1 ? '#' : location.hash;window._cf_chl_opt.cOgUQuery = location.search === '' && location.href.slice(0, location.href.length - window._cf_chl_opt.cOgUHash.length).indexOf('?') !== -1 ? '?' : location.search;if (window.history && window.history.replaceState) {var ogU = location.pathname + window._cf_chl_opt.cOgUQuery + window._cf_chl_opt.cOgUHash;history.replaceState(null, null,"\/api\/users?page=2&__cf_chl_rt_tk=wP4mnFcbfcj3q4OM3l2uXI_o5LL_Pf8AtDMjCnwBvvU-1768834513-1.0.1.1-dM4mLVUUsgELNOXsrvhnkFRPsaqx64zcoD1UCalCbAE"+ window._cf_chl_opt.cOgUHash);a.onload = function() {history.replaceState(null, null, ogU);}}document.getElementsByTagName('head')[0].appendChild(a);}());>

at java.base/jdk.internal.reflect.DirectConstructorHandleAccessor.newInstance(DirectConstructorHandleAccessor.java:62)
at java.base/java.lang.reflect.Constructor.newInstanceWithCaller(Constructor.java:502)
at java.base/java.lang.reflect.Constructor.newInstance(Constructor.java:486)
at org.codehaus.groovy.reflection.CachedConstructor.invoke(CachedConstructor.java:73)
at org.codehaus.groovy.runtime.callsite.ConstructorSite$ConstructorSiteNoUnwrapNoCoerce.callConstructor(ConstructorSite.java:108)
at org.codehaus.groovy.runtime.callsite.AbstractCallSite.callConstructor(AbstractCallSite.java:277)
at io.restassured.internal.ResponseSpecificationImpl$HamcrestAssertionClosure.validate(ResponseSpecificationImpl.groovy:512)
at io.restassured.internal.ResponseSpecificationImpl$HamcrestAssertionClosure$validate$1.call(Unknown Source)
at io.restassured.internal.ResponseSpecificationImpl.validateResponseIfRequired(ResponseSpecificationImpl.groovy:696)
at io.restassured.internal.ResponseSpecificationImpl.this$2$validateResponseIfRequired(ResponseSpecificationImpl.groovy)
at java.base/jdk.internal.reflect.DirectMethodHandleAccessor.invoke(DirectMethodHandleAccessor.java:103)
at java.base/java.lang.reflect.Method.invoke(Method.java:580)
at org.codehaus.groovy.runtime.callsite.PlainObjectMetaMethodSite.doInvoke(PlainObjectMetaMethodSite.java:43)
at org.codehaus.groovy.runtime.callsite.PogoMetaMethodSite$PogoCachedMethodSiteNoUnwrapNoCoerce.invoke(PogoMetaMethodSite.java:198)
at org.codehaus.groovy.runtime.callsite.PogoMetaMethodSite.callCurrent(PogoMetaMethodSite.java:62)
at org.codehaus.groovy.runtime.callsite.CallSiteArray.defaultCallCurrent(CallSiteArray.java:49)
at org.codehaus.groovy.runtime.callsite.AbstractCallSite.callCurrent(AbstractCallSite.java:171)
at org.codehaus.groovy.runtime.callsite.AbstractCallSite.callCurrent(AbstractCallSite.java:185)
at io.restassured.internal.ResponseSpecificationImpl.body(ResponseSpecificationImpl.groovy:270)
at io.restassured.specification.ResponseSpecification$body$1.callCurrent(Unknown Source)
at org.codehaus.groovy.runtime.callsite.CallSiteArray.defaultCallCurrent(CallSiteArray.java:49)
at org.codehaus.groovy.runtime.callsite.AbstractCallSite.callCurrent(AbstractCallSite.java:171)
at org.codehaus.groovy.runtime.callsite.AbstractCallSite.callCurrent(AbstractCallSite.java:212)
at io.restassured.internal.ResponseSpecificationImpl.body(ResponseSpecificationImpl.groovy:117)
at io.restassured.internal.ValidatableResponseOptionsImpl.body(ValidatableResponseOptionsImpl.java:244)
at day1.HTTPrequest.getUser(HTTPrequest.java:22)
at java.base/jdk.internal.reflect.DirectMethodHandleAccessor.invoke(DirectMethodHandleAccessor.java:103)
at java.base/java.lang.reflect.Method.invoke(Method.java:580)
at org.testng.internal.MethodInvocationHelper.invokeMethod(MethodInvocationHelper.java:133)
at org.testng.internal.TestInvoker.invokeMethod(TestInvoker.java:598)
at org.testng.internal.TestInvoker.invokeTestMethod(TestInvoker.java:173)
at org.testng.internal.MethodRunner.runInSequence(MethodRunner.java:46)
at org.testng.internal.TestInvoker$MethodInvocationAgent.invoke(TestInvoker.java:824)
at org.testng.internal.TestInvoker.invokeTestMethods(TestInvoker.java:146)
at org.testng.internal.TestMethodWorker.invokeTestMethods(TestMethodWorker.java:146)
at org.testng.internal.TestMethodWorker.run(TestMethodWorker.java:128)
at java.base/java.util.ArrayList.forEach(ArrayList.java:1596)
at org.testng.TestRunner.privateRun(TestRunner.java:794)
at org.testng.TestRunner.run(TestRunner.java:596)
at org.testng.SuiteRunner.runTest(SuiteRunner.java:377)
at org.testng.SuiteRunner.runSequentially(SuiteRunner.java:371)
at org.testng.SuiteRunner.privateRun(SuiteRunner.java:332)
at org.testng.SuiteRunner.run(SuiteRunner.java:276)
at org.testng.SuiteRunnerWorker.runSuite(SuiteRunnerWorker.java:53)
at org.testng.SuiteRunnerWorker.run(SuiteRunnerWorker.java:96)
at org.testng.TestNG.runSuitesSequentially(TestNG.java:1212)
at org.testng.TestNG.runSuitesLocally(TestNG.java:1134)
at org.testng.TestNG.runSuites(TestNG.java:1063)
at org.testng.TestNG.run(TestNG.java:1031)
at org.testng.remote.AbstractRemoteTestNG.run(AbstractRemoteTestNG.java:115)
at org.testng.remote.RemoteTestNG.initAndRun(RemoteTestNG.java:251)
at org.testng.remote.RemoteTestNG.main(RemoteTestNG.java:77)
]]>
    </failure>
  </testcase> <!-- getUser -->
  <system-out/>
  <testcase classname="day1.HTTPrequest" name="Delete" time="3.500">
    <failure message="1 expectation failed.
Expected status code &lt;204&gt; but was &lt;403&gt;.
" type="java.lang.AssertionError">
      <![CDATA[java.lang.AssertionError: 1 expectation failed.
Expected status code <204> but was <403>.

at java.base/jdk.internal.reflect.DirectConstructorHandleAccessor.newInstance(DirectConstructorHandleAccessor.java:62)
at java.base/java.lang.reflect.Constructor.newInstanceWithCaller(Constructor.java:502)
at java.base/java.lang.reflect.Constructor.newInstance(Constructor.java:486)
at org.codehaus.groovy.reflection.CachedConstructor.invoke(CachedConstructor.java:73)
at org.codehaus.groovy.runtime.callsite.ConstructorSite$ConstructorSiteNoUnwrapNoCoerce.callConstructor(ConstructorSite.java:108)
at org.codehaus.groovy.runtime.callsite.CallSiteArray.defaultCallConstructor(CallSiteArray.java:57)
at org.codehaus.groovy.runtime.callsite.AbstractCallSite.callConstructor(AbstractCallSite.java:263)
at org.codehaus.groovy.runtime.callsite.AbstractCallSite.callConstructor(AbstractCallSite.java:277)
at io.restassured.internal.ResponseSpecificationImpl$HamcrestAssertionClosure.validate(ResponseSpecificationImpl.groovy:512)
at io.restassured.internal.ResponseSpecificationImpl$HamcrestAssertionClosure$validate$1.call(Unknown Source)
at org.codehaus.groovy.runtime.callsite.CallSiteArray.defaultCall(CallSiteArray.java:45)
at org.codehaus.groovy.runtime.callsite.AbstractCallSite.call(AbstractCallSite.java:125)
at org.codehaus.groovy.runtime.callsite.AbstractCallSite.call(AbstractCallSite.java:139)
at io.restassured.internal.ResponseSpecificationImpl.validateResponseIfRequired(ResponseSpecificationImpl.groovy:696)
at io.restassured.internal.ResponseSpecificationImpl.this$2$validateResponseIfRequired(ResponseSpecificationImpl.groovy)
at java.base/jdk.internal.reflect.DirectMethodHandleAccessor.invoke(DirectMethodHandleAccessor.java:103)
at java.base/java.lang.reflect.Method.invoke(Method.java:580)
at org.codehaus.groovy.runtime.callsite.PlainObjectMetaMethodSite.doInvoke(PlainObjectMetaMethodSite.java:43)
at org.codehaus.groovy.runtime.callsite.PogoMetaMethodSite$PogoCachedMethodSiteNoUnwrapNoCoerce.invoke(PogoMetaMethodSite.java:198)
at org.codehaus.groovy.runtime.callsite.PogoMetaMethodSite.callCurrent(PogoMetaMethodSite.java:62)
at org.codehaus.groovy.runtime.callsite.CallSiteArray.defaultCallCurrent(CallSiteArray.java:49)
at org.codehaus.groovy.runtime.callsite.AbstractCallSite.callCurrent(AbstractCallSite.java:171)
at org.codehaus.groovy.runtime.callsite.AbstractCallSite.callCurrent(AbstractCallSite.java:185)
at io.restassured.internal.ResponseSpecificationImpl.statusCode(ResponseSpecificationImpl.groovy:135)
at io.restassured.specification.ResponseSpecification$statusCode$0.callCurrent(Unknown Source)
at org.codehaus.groovy.runtime.callsite.CallSiteArray.defaultCallCurrent(CallSiteArray.java:49)
at org.codehaus.groovy.runtime.callsite.AbstractCallSite.callCurrent(AbstractCallSite.java:171)
at org.codehaus.groovy.runtime.callsite.AbstractCallSite.callCurrent(AbstractCallSite.java:185)
at io.restassured.internal.ResponseSpecificationImpl.statusCode(ResponseSpecificationImpl.groovy:143)
at io.restassured.internal.ValidatableResponseOptionsImpl.statusCode(ValidatableResponseOptionsImpl.java:89)
at day1.HTTPrequest.Delete(HTTPrequest.java:82)
at java.base/jdk.internal.reflect.DirectMethodHandleAccessor.invoke(DirectMethodHandleAccessor.java:103)
at java.base/java.lang.reflect.Method.invoke(Method.java:580)
at org.testng.internal.MethodInvocationHelper.invokeMethod(MethodInvocationHelper.java:133)
at org.testng.internal.TestInvoker.invokeMethod(TestInvoker.java:598)
at org.testng.internal.TestInvoker.invokeTestMethod(TestInvoker.java:173)
at org.testng.internal.MethodRunner.runInSequence(MethodRunner.java:46)
at org.testng.internal.TestInvoker$MethodInvocationAgent.invoke(TestInvoker.java:824)
at org.testng.internal.TestInvoker.invokeTestMethods(TestInvoker.java:146)
at org.testng.internal.TestMethodWorker.invokeTestMethods(TestMethodWorker.java:146)
at org.testng.internal.TestMethodWorker.run(TestMethodWorker.java:128)
at java.base/java.util.ArrayList.forEach(ArrayList.java:1596)
at org.testng.TestRunner.privateRun(TestRunner.java:794)
at org.testng.TestRunner.run(TestRunner.java:596)
at org.testng.SuiteRunner.runTest(SuiteRunner.java:377)
at org.testng.SuiteRunner.runSequentially(SuiteRunner.java:371)
at org.testng.SuiteRunner.privateRun(SuiteRunner.java:332)
at org.testng.SuiteRunner.run(SuiteRunner.java:276)
at org.testng.SuiteRunnerWorker.runSuite(SuiteRunnerWorker.java:53)
at org.testng.SuiteRunnerWorker.run(SuiteRunnerWorker.java:96)
at org.testng.TestNG.runSuitesSequentially(TestNG.java:1212)
at org.testng.TestNG.runSuitesLocally(TestNG.java:1134)
at org.testng.TestNG.runSuites(TestNG.java:1063)
at org.testng.TestNG.run(TestNG.java:1031)
at org.testng.remote.AbstractRemoteTestNG.run(AbstractRemoteTestNG.java:115)
at org.testng.remote.RemoteTestNG.initAndRun(RemoteTestNG.java:251)
at org.testng.remote.RemoteTestNG.main(RemoteTestNG.java:77)
]]>
    </failure>
  </testcase> <!-- Delete -->
  <system-out/>
  <testcase classname="day1.HTTPrequest" name="createuser" time="0.378">
    <error message="Failed to parse the JSON document" type="io.restassured.path.json.exception.JsonPathException">
      <![CDATA[io.restassured.path.json.exception.JsonPathException: Failed to parse the JSON document
at io.restassured.path.json.JsonPath$ExceptionCatcher.invoke(JsonPath.java:1002)
at io.restassured.path.json.JsonPath$4.doParseWith(JsonPath.java:967)
at io.restassured.path.json.JsonPath$JsonParser.parseWith(JsonPath.java:1047)
at io.restassured.path.json.JsonPath.get(JsonPath.java:202)
at io.restassured.path.json.JsonPath.getInt(JsonPath.java:237)
at day1.HTTPrequest.createuser(HTTPrequest.java:40)
at java.base/jdk.internal.reflect.DirectMethodHandleAccessor.invoke(DirectMethodHandleAccessor.java:103)
at java.base/java.lang.reflect.Method.invoke(Method.java:580)
at org.testng.internal.MethodInvocationHelper.invokeMethod(MethodInvocationHelper.java:133)
at org.testng.internal.TestInvoker.invokeMethod(TestInvoker.java:598)
at org.testng.internal.TestInvoker.invokeTestMethod(TestInvoker.java:173)
at org.testng.internal.MethodRunner.runInSequence(MethodRunner.java:46)
at org.testng.internal.TestInvoker$MethodInvocationAgent.invoke(TestInvoker.java:824)
at org.testng.internal.TestInvoker.invokeTestMethods(TestInvoker.java:146)
at org.testng.internal.TestMethodWorker.invokeTestMethods(TestMethodWorker.java:146)
at org.testng.internal.TestMethodWorker.run(TestMethodWorker.java:128)
at java.base/java.util.ArrayList.forEach(ArrayList.java:1596)
at org.testng.TestRunner.privateRun(TestRunner.java:794)
at org.testng.TestRunner.run(TestRunner.java:596)
at org.testng.SuiteRunner.runTest(SuiteRunner.java:377)
at org.testng.SuiteRunner.runSequentially(SuiteRunner.java:371)
at org.testng.SuiteRunner.privateRun(SuiteRunner.java:332)
at org.testng.SuiteRunner.run(SuiteRunner.java:276)
at org.testng.SuiteRunnerWorker.runSuite(SuiteRunnerWorker.java:53)
at org.testng.SuiteRunnerWorker.run(SuiteRunnerWorker.java:96)
at org.testng.TestNG.runSuitesSequentially(TestNG.java:1212)
at org.testng.TestNG.runSuitesLocally(TestNG.java:1134)
at org.testng.TestNG.runSuites(TestNG.java:1063)
at org.testng.TestNG.run(TestNG.java:1031)
at org.testng.remote.AbstractRemoteTestNG.run(AbstractRemoteTestNG.java:115)
at org.testng.remote.RemoteTestNG.initAndRun(RemoteTestNG.java:251)
at org.testng.remote.RemoteTestNG.main(RemoteTestNG.java:77)
Caused by: groovy.json.JsonException: Lexing failed on line: 1, column: 1, while reading '<', no possible valid JSON value or punctuation could be recognized.
at groovy.json.JsonLexer.nextToken(JsonLexer.java:86)
at groovy.json.JsonLexer$nextToken.call(Unknown Source)
at org.codehaus.groovy.runtime.callsite.CallSiteArray.defaultCall(CallSiteArray.java:45)
at org.codehaus.groovy.runtime.callsite.AbstractCallSite.call(AbstractCallSite.java:125)
at org.codehaus.groovy.runtime.callsite.AbstractCallSite.call(AbstractCallSite.java:130)
at io.restassured.internal.path.json.ConfigurableJsonSlurper.parse(ConfigurableJsonSlurper.groovy:97)
at io.restassured.internal.path.json.ConfigurableJsonSlurper$parse.callCurrent(Unknown Source)
at org.codehaus.groovy.runtime.callsite.CallSiteArray.defaultCallCurrent(CallSiteArray.java:49)
at org.codehaus.groovy.runtime.callsite.AbstractCallSite.callCurrent(AbstractCallSite.java:171)
at org.codehaus.groovy.runtime.callsite.AbstractCallSite.callCurrent(AbstractCallSite.java:185)
at io.restassured.internal.path.json.ConfigurableJsonSlurper.parseText(ConfigurableJsonSlurper.groovy:83)
at io.restassured.path.json.JsonPath$4$1.method(JsonPath.java:965)
at io.restassured.path.json.JsonPath$ExceptionCatcher.invoke(JsonPath.java:1000)
... 31 more
]]>
    </error>
  </testcase> <!-- createuser -->
  <system-out/>
  <testcase classname="day1.HTTPrequest" name="Updateuser" time="0.762">
    <failure message="1 expectation failed.
Expected status code &lt;200&gt; but was &lt;403&gt;.
" type="java.lang.AssertionError">
      <![CDATA[java.lang.AssertionError: 1 expectation failed.
Expected status code <200> but was <403>.

at java.base/jdk.internal.reflect.DirectConstructorHandleAccessor.newInstance(DirectConstructorHandleAccessor.java:62)
at java.base/java.lang.reflect.Constructor.newInstanceWithCaller(Constructor.java:502)
at java.base/java.lang.reflect.Constructor.newInstance(Constructor.java:486)
at org.codehaus.groovy.reflection.CachedConstructor.invoke(CachedConstructor.java:73)
at org.codehaus.groovy.runtime.callsite.ConstructorSite$ConstructorSiteNoUnwrapNoCoerce.callConstructor(ConstructorSite.java:108)
at org.codehaus.groovy.runtime.callsite.AbstractCallSite.callConstructor(AbstractCallSite.java:277)
at io.restassured.internal.ResponseSpecificationImpl$HamcrestAssertionClosure.validate(ResponseSpecificationImpl.groovy:512)
at io.restassured.internal.ResponseSpecificationImpl$HamcrestAssertionClosure$validate$1.call(Unknown Source)
at io.restassured.internal.ResponseSpecificationImpl.validateResponseIfRequired(ResponseSpecificationImpl.groovy:696)
at io.restassured.internal.ResponseSpecificationImpl.this$2$validateResponseIfRequired(ResponseSpecificationImpl.groovy)
at java.base/jdk.internal.reflect.DirectMethodHandleAccessor.invoke(DirectMethodHandleAccessor.java:103)
at java.base/java.lang.reflect.Method.invoke(Method.java:580)
at org.codehaus.groovy.runtime.callsite.PlainObjectMetaMethodSite.doInvoke(PlainObjectMetaMethodSite.java:43)
at org.codehaus.groovy.runtime.callsite.PogoMetaMethodSite$PogoCachedMethodSiteNoUnwrapNoCoerce.invoke(PogoMetaMethodSite.java:198)
at org.codehaus.groovy.runtime.callsite.PogoMetaMethodSite.callCurrent(PogoMetaMethodSite.java:62)
at org.codehaus.groovy.runtime.callsite.AbstractCallSite.callCurrent(AbstractCallSite.java:185)
at io.restassured.internal.ResponseSpecificationImpl.statusCode(ResponseSpecificationImpl.groovy:135)
at io.restassured.specification.ResponseSpecification$statusCode$0.callCurrent(Unknown Source)
at io.restassured.internal.ResponseSpecificationImpl.statusCode(ResponseSpecificationImpl.groovy:143)
at io.restassured.internal.ValidatableResponseOptionsImpl.statusCode(ValidatableResponseOptionsImpl.java:89)
at day1.HTTPrequest.Updateuser(HTTPrequest.java:65)
at java.base/jdk.internal.reflect.DirectMethodHandleAccessor.invoke(DirectMethodHandleAccessor.java:103)
at java.base/java.lang.reflect.Method.invoke(Method.java:580)
at org.testng.internal.MethodInvocationHelper.invokeMethod(MethodInvocationHelper.java:133)
at org.testng.internal.TestInvoker.invokeMethod(TestInvoker.java:598)
at org.testng.internal.TestInvoker.invokeTestMethod(TestInvoker.java:173)
at org.testng.internal.MethodRunner.runInSequence(MethodRunner.java:46)
at org.testng.internal.TestInvoker$MethodInvocationAgent.invoke(TestInvoker.java:824)
at org.testng.internal.TestInvoker.invokeTestMethods(TestInvoker.java:146)
at org.testng.internal.TestMethodWorker.invokeTestMethods(TestMethodWorker.java:146)
at org.testng.internal.TestMethodWorker.run(TestMethodWorker.java:128)
at java.base/java.util.ArrayList.forEach(ArrayList.java:1596)
at org.testng.TestRunner.privateRun(TestRunner.java:794)
at org.testng.TestRunner.run(TestRunner.java:596)
at org.testng.SuiteRunner.runTest(SuiteRunner.java:377)
at org.testng.SuiteRunner.runSequentially(SuiteRunner.java:371)
at org.testng.SuiteRunner.privateRun(SuiteRunner.java:332)
at org.testng.SuiteRunner.run(SuiteRunner.java:276)
at org.testng.SuiteRunnerWorker.runSuite(SuiteRunnerWorker.java:53)
at org.testng.SuiteRunnerWorker.run(SuiteRunnerWorker.java:96)
at org.testng.TestNG.runSuitesSequentially(TestNG.java:1212)
at org.testng.TestNG.runSuitesLocally(TestNG.java:1134)
at org.testng.TestNG.runSuites(TestNG.java:1063)
at org.testng.TestNG.run(TestNG.java:1031)
at org.testng.remote.AbstractRemoteTestNG.run(AbstractRemoteTestNG.java:115)
at org.testng.remote.RemoteTestNG.initAndRun(RemoteTestNG.java:251)
at org.testng.remote.RemoteTestNG.main(RemoteTestNG.java:77)
]]>
    </failure>
  </testcase> <!-- Updateuser -->
  <system-out/>
</testsuite> <!-- day1.HTTPrequest -->
